<?xml version="1.0" encoding="UTF-8"?>
<testsuite xmlns:xsi="http://www.w3.org/2001/XMLSchema-instance" xsi:noNamespaceSchemaLocation="https://maven.apache.org/surefire/maven-surefire-plugin/xsd/surefire-test-report.xsd" name="org.gse.test.LoginTest" time="0.884" tests="4" errors="0" skipped="3" failures="1">
  <properties>
[...]
</properties>
  <testcase name="beforeMethod" classname="org.gse.test.LoginTest" time="0.585">
    <failure type="java.lang.ExceptionInInitializerError">java.lang.ExceptionInInitializerError
	at org.gse.test.LoginTest.beforeMethod(LoginTest.java:23)
Caused by: net.sf.cglib.core.CodeGenerationException: java.lang.reflect.InaccessibleObjectException-->Unable to make protected final java.lang.Class java.lang.ClassLoader.defineClass(java.lang.String,byte[],int,int,java.security.ProtectionDomain) throws java.lang.ClassFormatError accessible: module java.base does not "opens java.lang" to unnamed module @15bfd87
	at org.gse.test.LoginTest.beforeMethod(LoginTest.java:23)
Caused by: java.lang.reflect.InaccessibleObjectException: Unable to make protected final java.lang.Class java.lang.ClassLoader.defineClass(java.lang.String,byte[],int,int,java.security.ProtectionDomain) throws java.lang.ClassFormatError accessible: module java.base does not "opens java.lang" to unnamed module @15bfd87
	at org.gse.test.LoginTest.beforeMethod(LoginTest.java:23)
</failure>
  </testcase>
  <testcase name="viewNotificacions" classname="org.gse.test.LoginTest" time="0">
    <skipped/>
  </testcase>
  <testcase name="afterMethod" classname="org.gse.test.LoginTest" time="0">
    <skipped/>
  </testcase>
  <testcase name="afterClass" classname="org.gse.test.LoginTest" time="0">
    <skipped/>
  </testcase>
</testsuite>